<?xml version="1.0" encoding="UTF-8"?>
<testsuite name="SomeMethodsTest" tests="3" skipped="0" failures="0" errors="0" timestamp="2017-12-26T14:49:35" hostname="MacBook-Pro-Alisa.local" time="0.001">
  <properties/>
  <testcase name="assertionFalseTest" classname="SomeMethodsTest" time="0.001"/>
  <testcase name="assertionNotNullTest" classname="SomeMethodsTest" time="0.0"/>
  <testcase name="assertionTrueTest" classname="SomeMethodsTest" time="0.0"/>
  <system-out><![CDATA[]]></system-out>
  <system-err><![CDATA[]]></system-err>
</testsuite>
